<?xml version="1.0" encoding="UTF-8"?>
<testsuite name="de.ait.sortMaster.gui.tests.MainPageTests" tests="5" skipped="0" failures="0" errors="0" timestamp="2025-07-02T16:28:44" hostname="DESKTOP-6E1M17H" time="36.709">
  <properties/>
  <testcase name="inputShouldBeVisibleTest" classname="de.ait.sortMaster.gui.tests.MainPageTests" time="0.07"/>
  <testcase name="openMainPageTest" classname="de.ait.sortMaster.gui.tests.MainPageTests" time="0.044"/>
  <testcase name="searchEmptyInputTest" classname="de.ait.sortMaster.gui.tests.MainPageTests" time="10.233"/>
  <testcase name="searchInvalidItemTest" classname="de.ait.sortMaster.gui.tests.MainPageTests" time="10.335"/>
  <testcase name="searchItemInContainerTest" classname="de.ait.sortMaster.gui.tests.MainPageTests" time="10.566"/>
  <system-out><![CDATA[18:28:43.693 [Test worker] INFO de.ait.sortMaster.utils.MyListener -- Open URL - http://localhost:5175/#/
18:28:44.041 [Test worker] INFO de.ait.sortMaster.gui.core.TestBase -- Start test inputShouldBeVisibleTest with data: []
18:28:44.043 [Test worker] INFO de.ait.sortMaster.utils.MyListener -- Open URL - http://localhost:5175/#/
18:28:44.126 [Test worker] INFO de.ait.sortMaster.utils.MyListener -- We found element Decorated {[[ChromeDriver: chrome on windows (9cd974898f56e23f4a55fd6750e7ec2a)] -> css selector: input[placeholder*='item name']]}
18:28:44.155 [Test worker] INFO de.ait.sortMaster.gui.core.TestBase -- PASSED: inputShouldBeVisibleTest
18:28:44.155 [Test worker] INFO de.ait.sortMaster.gui.core.TestBase -- Stop test
18:28:44.156 [Test worker] INFO de.ait.sortMaster.gui.core.TestBase -- **********************************************************
18:28:45.227 [Test worker] INFO de.ait.sortMaster.utils.MyListener -- Open URL - http://localhost:5175/#/
18:28:45.625 [Test worker] INFO de.ait.sortMaster.gui.core.TestBase -- Start test openMainPageTest with data: []
18:28:45.627 [Test worker] INFO de.ait.sortMaster.utils.MyListener -- Open URL - http://localhost:5175/#/
18:28:45.664 [Test worker] INFO de.ait.sortMaster.utils.MyListener -- We found element Decorated {[[ChromeDriver: chrome on windows (ef088fa413b74775846f735a23e843f7)] -> xpath: //h2[contains(text(), 'Find the Right Container')]]}
18:28:45.681 [Test worker] INFO de.ait.sortMaster.gui.core.TestBase -- PASSED: openMainPageTest
18:28:45.681 [Test worker] INFO de.ait.sortMaster.gui.core.TestBase -- Stop test
18:28:45.681 [Test worker] INFO de.ait.sortMaster.gui.core.TestBase -- **********************************************************
18:28:46.605 [Test worker] INFO de.ait.sortMaster.utils.MyListener -- Open URL - http://localhost:5175/#/
18:28:46.936 [Test worker] INFO de.ait.sortMaster.gui.core.TestBase -- Start test searchEmptyInputTest with data: []
18:28:46.938 [Test worker] INFO de.ait.sortMaster.utils.MyListener -- Open URL - http://localhost:5175/#/
18:28:46.986 [Test worker] INFO de.ait.sortMaster.utils.MyListener -- We found element Decorated {[[ChromeDriver: chrome on windows (fc2e1ae484c79cc5c9e805494fbaa65e)] -> css selector: input[placeholder*='item name']]}
18:28:47.041 [Test worker] INFO de.ait.sortMaster.utils.MyListener -- We found element Decorated {[[ChromeDriver: chrome on windows (fc2e1ae484c79cc5c9e805494fbaa65e)] -> css selector: input[placeholder*='item name']]}
18:28:47.123 [Test worker] INFO de.ait.sortMaster.utils.MyListener -- We found element Decorated {[[ChromeDriver: chrome on windows (fc2e1ae484c79cc5c9e805494fbaa65e)] -> css selector: input[placeholder*='item name']]}
18:28:57.167 [Test worker] ERROR de.ait.sortMaster.utils.MyListener -- Something went wrong!!!
18:28:57.167 [Test worker] ERROR de.ait.sortMaster.utils.MyListener -- ================================
18:28:57.167 [Test worker] ERROR de.ait.sortMaster.utils.MyListener -- Method public abstract org.openqa.selenium.WebElement org.openqa.selenium.WebDriver.findElement(org.openqa.selenium.By)
18:28:57.167 [Test worker] ERROR de.ait.sortMaster.utils.MyListener -- ================================
18:28:57.167 [Test worker] ERROR de.ait.sortMaster.utils.MyListener -- Target ChromeDriver: chrome on windows (fc2e1ae484c79cc5c9e805494fbaa65e)
18:28:57.167 [Test worker] ERROR de.ait.sortMaster.utils.MyListener -- ================================
18:28:57.167 [Test worker] ERROR de.ait.sortMaster.utils.MyListener -- Exeption null
18:28:57.184 [Test worker] INFO de.ait.sortMaster.gui.core.TestBase -- PASSED: searchEmptyInputTest
18:28:57.184 [Test worker] INFO de.ait.sortMaster.gui.core.TestBase -- Stop test
18:28:57.184 [Test worker] INFO de.ait.sortMaster.gui.core.TestBase -- **********************************************************
18:28:58.247 [Test worker] INFO de.ait.sortMaster.utils.MyListener -- Open URL - http://localhost:5175/#/
18:28:58.543 [Test worker] INFO de.ait.sortMaster.gui.core.TestBase -- Start test searchInvalidItemTest with data: []
18:28:58.547 [Test worker] INFO de.ait.sortMaster.utils.MyListener -- Open URL - http://localhost:5175/#/
18:28:58.589 [Test worker] INFO de.ait.sortMaster.utils.MyListener -- We found element Decorated {[[ChromeDriver: chrome on windows (ce4e0dd9debf87b1770f8a0b69c10bc3)] -> css selector: input[placeholder*='item name']]}
18:28:58.642 [Test worker] INFO de.ait.sortMaster.utils.MyListener -- We found element Decorated {[[ChromeDriver: chrome on windows (ce4e0dd9debf87b1770f8a0b69c10bc3)] -> css selector: input[placeholder*='item name']]}
18:28:58.714 [Test worker] INFO de.ait.sortMaster.utils.MyListener -- We found element Decorated {[[ChromeDriver: chrome on windows (ce4e0dd9debf87b1770f8a0b69c10bc3)] -> css selector: input[placeholder*='item name']]}
18:28:58.763 [Test worker] INFO de.ait.sortMaster.utils.MyListener -- We found element Decorated {[[ChromeDriver: chrome on windows (ce4e0dd9debf87b1770f8a0b69c10bc3)] -> xpath: //*[contains(text(), 'No matching containers found')]]}
18:28:58.794 [Test worker] INFO de.ait.sortMaster.utils.MyListener -- We found element Decorated {[[ChromeDriver: chrome on windows (ce4e0dd9debf87b1770f8a0b69c10bc3)] -> xpath: //*[contains(text(), 'No matching containers found')]]}
18:29:08.893 [Test worker] INFO de.ait.sortMaster.utils.MyListener -- We found elements 0
18:29:08.893 [Test worker] INFO de.ait.sortMaster.gui.core.TestBase -- PASSED: searchInvalidItemTest
18:29:08.893 [Test worker] INFO de.ait.sortMaster.gui.core.TestBase -- Stop test
18:29:08.893 [Test worker] INFO de.ait.sortMaster.gui.core.TestBase -- **********************************************************
18:29:09.896 [Test worker] INFO de.ait.sortMaster.utils.MyListener -- Open URL - http://localhost:5175/#/
18:29:10.201 [Test worker] INFO de.ait.sortMaster.gui.core.TestBase -- Start test searchItemInContainerTest with data: []
18:29:10.201 [Test worker] INFO de.ait.sortMaster.utils.MyListener -- Open URL - http://localhost:5175/#/
18:29:10.245 [Test worker] INFO de.ait.sortMaster.utils.MyListener -- We found element Decorated {[[ChromeDriver: chrome on windows (24b69c06981e4906fc3930835501edea)] -> css selector: input[placeholder*='item name']]}
18:29:10.295 [Test worker] INFO de.ait.sortMaster.utils.MyListener -- We found element Decorated {[[ChromeDriver: chrome on windows (24b69c06981e4906fc3930835501edea)] -> css selector: input[placeholder*='item name']]}
18:29:10.387 [Test worker] INFO de.ait.sortMaster.utils.MyListener -- We found element Decorated {[[ChromeDriver: chrome on windows (24b69c06981e4906fc3930835501edea)] -> css selector: input[placeholder*='item name']]}
18:29:10.718 [Test worker] INFO de.ait.sortMaster.utils.MyListener -- We found element Decorated {[[ChromeDriver: chrome on windows (24b69c06981e4906fc3930835501edea)] -> xpath: //*[contains(translate(text(), 'ABCDEFGHIJKLMNOPQRSTUVWXYZ', 'abcdefghijklmnopqrstuvwxyz'), 'paper')]]}
18:29:10.745 [Test worker] INFO de.ait.sortMaster.utils.MyListener -- We found element Decorated {[[ChromeDriver: chrome on windows (24b69c06981e4906fc3930835501edea)] -> xpath: //*[contains(text(), 'Find the Right Container')]]}
18:29:20.791 [Test worker] INFO de.ait.sortMaster.utils.MyListener -- We found elements 0
18:29:20.791 [Test worker] INFO de.ait.sortMaster.gui.core.TestBase -- PASSED: searchItemInContainerTest
18:29:20.791 [Test worker] INFO de.ait.sortMaster.gui.core.TestBase -- Stop test
18:29:20.791 [Test worker] INFO de.ait.sortMaster.gui.core.TestBase -- **********************************************************
]]></system-out>
  <system-err><![CDATA[]]></system-err>
</testsuite>
