<?xml version="1.0" encoding="UTF-8"?>
<testsuite name="de.ait.sortMaster.gui.tests.MainPageTests" tests="5" skipped="0" failures="0" errors="0" timestamp="2025-07-02T16:53:42" hostname="DESKTOP-6E1M17H" time="44.763">
  <properties/>
  <testcase name="inputShouldBeVisibleTest" classname="de.ait.sortMaster.gui.tests.MainPageTests" time="0.104"/>
  <testcase name="openMainPageTest" classname="de.ait.sortMaster.gui.tests.MainPageTests" time="0.097"/>
  <testcase name="searchEmptyInputTest" classname="de.ait.sortMaster.gui.tests.MainPageTests" time="10.422"/>
  <testcase name="searchInvalidItemTest" classname="de.ait.sortMaster.gui.tests.MainPageTests" time="10.398"/>
  <testcase name="searchItemInContainerTest" classname="de.ait.sortMaster.gui.tests.MainPageTests" time="10.658"/>
  <system-out><![CDATA[18:53:41.997 [Test worker] INFO de.ait.sortMaster.utils.MyListener -- Open URL - http://localhost:5175/#/
18:53:42.685 [Test worker] INFO de.ait.sortMaster.gui.core.TestBase -- Start test inputShouldBeVisibleTest with data: []
18:53:42.695 [Test worker] INFO de.ait.sortMaster.utils.MyListener -- Open URL - http://localhost:5175/#/
18:53:42.829 [Test worker] INFO de.ait.sortMaster.utils.MyListener -- We found element Decorated {[[ChromeDriver: chrome on windows (bc44d9fa1475d44e1ee6838215b74b15)] -> css selector: input[placeholder*='item name']]}
18:53:42.875 [Test worker] INFO de.ait.sortMaster.gui.core.TestBase -- PASSED: inputShouldBeVisibleTest
18:53:42.875 [Test worker] INFO de.ait.sortMaster.gui.core.TestBase -- Stop test
18:53:42.876 [Test worker] INFO de.ait.sortMaster.gui.core.TestBase -- **********************************************************
18:53:45.750 [Test worker] INFO de.ait.sortMaster.utils.MyListener -- Open URL - http://localhost:5175/#/
18:53:46.786 [Test worker] INFO de.ait.sortMaster.gui.core.TestBase -- Start test openMainPageTest with data: []
18:53:46.789 [Test worker] INFO de.ait.sortMaster.utils.MyListener -- Open URL - http://localhost:5175/#/
18:53:46.890 [Test worker] INFO de.ait.sortMaster.utils.MyListener -- We found element Decorated {[[ChromeDriver: chrome on windows (22a1f9397232c6856906a61619b38285)] -> xpath: //h2[contains(text(), 'Find the Right Container')]]}
18:53:46.914 [Test worker] INFO de.ait.sortMaster.gui.core.TestBase -- PASSED: openMainPageTest
18:53:46.915 [Test worker] INFO de.ait.sortMaster.gui.core.TestBase -- Stop test
18:53:46.915 [Test worker] INFO de.ait.sortMaster.gui.core.TestBase -- **********************************************************
18:53:48.841 [Test worker] INFO de.ait.sortMaster.utils.MyListener -- Open URL - http://localhost:5175/#/
18:53:52.913 [Test worker] INFO de.ait.sortMaster.gui.core.TestBase -- Start test searchEmptyInputTest with data: []
18:53:52.915 [Test worker] INFO de.ait.sortMaster.utils.MyListener -- Open URL - http://localhost:5175/#/
18:53:53.034 [Test worker] INFO de.ait.sortMaster.utils.MyListener -- We found element Decorated {[[ChromeDriver: chrome on windows (c93f562b0d97868b491d1df5e9d2c0ab)] -> css selector: input[placeholder*='item name']]}
18:53:53.162 [Test worker] INFO de.ait.sortMaster.utils.MyListener -- We found element Decorated {[[ChromeDriver: chrome on windows (c93f562b0d97868b491d1df5e9d2c0ab)] -> css selector: input[placeholder*='item name']]}
18:53:53.295 [Test worker] INFO de.ait.sortMaster.utils.MyListener -- We found element Decorated {[[ChromeDriver: chrome on windows (c93f562b0d97868b491d1df5e9d2c0ab)] -> css selector: input[placeholder*='item name']]}
18:54:03.366 [Test worker] ERROR de.ait.sortMaster.utils.MyListener -- Something went wrong!!!
18:54:03.366 [Test worker] ERROR de.ait.sortMaster.utils.MyListener -- ================================
18:54:03.366 [Test worker] ERROR de.ait.sortMaster.utils.MyListener -- Method public abstract org.openqa.selenium.WebElement org.openqa.selenium.WebDriver.findElement(org.openqa.selenium.By)
18:54:03.366 [Test worker] ERROR de.ait.sortMaster.utils.MyListener -- ================================
18:54:03.366 [Test worker] ERROR de.ait.sortMaster.utils.MyListener -- Target ChromeDriver: chrome on windows (c93f562b0d97868b491d1df5e9d2c0ab)
18:54:03.366 [Test worker] ERROR de.ait.sortMaster.utils.MyListener -- ================================
18:54:03.366 [Test worker] ERROR de.ait.sortMaster.utils.MyListener -- Exeption null
18:54:03.366 [Test worker] INFO de.ait.sortMaster.gui.core.TestBase -- PASSED: searchEmptyInputTest
18:54:03.366 [Test worker] INFO de.ait.sortMaster.gui.core.TestBase -- Stop test
18:54:03.366 [Test worker] INFO de.ait.sortMaster.gui.core.TestBase -- **********************************************************
18:54:04.521 [Test worker] INFO de.ait.sortMaster.utils.MyListener -- Open URL - http://localhost:5175/#/
18:54:04.912 [Test worker] INFO de.ait.sortMaster.gui.core.TestBase -- Start test searchInvalidItemTest with data: []
18:54:04.916 [Test worker] INFO de.ait.sortMaster.utils.MyListener -- Open URL - http://localhost:5175/#/
18:54:04.971 [Test worker] INFO de.ait.sortMaster.utils.MyListener -- We found element Decorated {[[ChromeDriver: chrome on windows (c98098a8bf9bd28f77215aa886a7a8f0)] -> css selector: input[placeholder*='item name']]}
18:54:05.046 [Test worker] INFO de.ait.sortMaster.utils.MyListener -- We found element Decorated {[[ChromeDriver: chrome on windows (c98098a8bf9bd28f77215aa886a7a8f0)] -> css selector: input[placeholder*='item name']]}
18:54:05.165 [Test worker] INFO de.ait.sortMaster.utils.MyListener -- We found element Decorated {[[ChromeDriver: chrome on windows (c98098a8bf9bd28f77215aa886a7a8f0)] -> css selector: input[placeholder*='item name']]}
18:54:05.211 [Test worker] INFO de.ait.sortMaster.utils.MyListener -- We found element Decorated {[[ChromeDriver: chrome on windows (c98098a8bf9bd28f77215aa886a7a8f0)] -> xpath: //*[contains(text(), 'No matching containers found')]]}
18:54:05.250 [Test worker] INFO de.ait.sortMaster.utils.MyListener -- We found element Decorated {[[ChromeDriver: chrome on windows (c98098a8bf9bd28f77215aa886a7a8f0)] -> xpath: //*[contains(text(), 'No matching containers found')]]}
18:54:15.319 [Test worker] INFO de.ait.sortMaster.utils.MyListener -- We found elements 0
18:54:15.319 [Test worker] INFO de.ait.sortMaster.gui.core.TestBase -- PASSED: searchInvalidItemTest
18:54:15.319 [Test worker] INFO de.ait.sortMaster.gui.core.TestBase -- Stop test
18:54:15.319 [Test worker] INFO de.ait.sortMaster.gui.core.TestBase -- **********************************************************
18:54:16.456 [Test worker] INFO de.ait.sortMaster.utils.MyListener -- Open URL - http://localhost:5175/#/
18:54:16.848 [Test worker] INFO de.ait.sortMaster.gui.core.TestBase -- Start test searchItemInContainerTest with data: []
18:54:16.855 [Test worker] INFO de.ait.sortMaster.utils.MyListener -- Open URL - http://localhost:5175/#/
18:54:16.886 [Test worker] INFO de.ait.sortMaster.utils.MyListener -- We found element Decorated {[[ChromeDriver: chrome on windows (f7cd6c11e5c775bc488b2f0d628213fb)] -> css selector: input[placeholder*='item name']]}
18:54:16.970 [Test worker] INFO de.ait.sortMaster.utils.MyListener -- We found element Decorated {[[ChromeDriver: chrome on windows (f7cd6c11e5c775bc488b2f0d628213fb)] -> css selector: input[placeholder*='item name']]}
18:54:17.057 [Test worker] INFO de.ait.sortMaster.utils.MyListener -- We found element Decorated {[[ChromeDriver: chrome on windows (f7cd6c11e5c775bc488b2f0d628213fb)] -> css selector: input[placeholder*='item name']]}
18:54:17.420 [Test worker] INFO de.ait.sortMaster.utils.MyListener -- We found element Decorated {[[ChromeDriver: chrome on windows (f7cd6c11e5c775bc488b2f0d628213fb)] -> xpath: //*[contains(translate(text(), 'ABCDEFGHIJKLMNOPQRSTUVWXYZ', 'abcdefghijklmnopqrstuvwxyz'), 'paper')]]}
18:54:17.467 [Test worker] INFO de.ait.sortMaster.utils.MyListener -- We found element Decorated {[[ChromeDriver: chrome on windows (f7cd6c11e5c775bc488b2f0d628213fb)] -> xpath: //*[contains(text(), 'Find the Right Container')]]}
18:54:27.529 [Test worker] INFO de.ait.sortMaster.utils.MyListener -- We found elements 0
18:54:27.529 [Test worker] INFO de.ait.sortMaster.gui.core.TestBase -- PASSED: searchItemInContainerTest
18:54:27.529 [Test worker] INFO de.ait.sortMaster.gui.core.TestBase -- Stop test
18:54:27.529 [Test worker] INFO de.ait.sortMaster.gui.core.TestBase -- **********************************************************
]]></system-out>
  <system-err><![CDATA[]]></system-err>
</testsuite>
